<?xml version="1.0" encoding="UTF-8"?>
<!-- Generated by org.testng.reporters.JUnitReportReporter -->
<testsuite hostname="DESKTOP-VPG8QQH" failures="0" tests="1" name="com.swag.tests.UserLoginTest" time="3.204" errors="0" timestamp="2025-01-10T12:39:43 GMT" skipped="0">
  <testcase classname="com.swag.tests.UserLoginTest" name="UserLoginTest" time="3.204"/>
  <system-out/>
</testsuite> <!-- com.swag.tests.UserLoginTest -->
